Z80ASM SuperFast Relocating Macro Assembler     	    Z80ASM 1.32 Page   1
NBIOS10 Z80

    1                   	;MACLIB DISKDEF1	; LOAD DEFINTION FOR DISKS
    2                   
    3                   ;*****************************************************************************
    4                   ; Version 1.0   Version 80 Spur-Laufwerk                                     *
    5                   ; gebootet wird vom 80 Spur-Laufwerk                                         *
    6                   ; basiert auf der Version 3.1 1984 Rolf-Dieter Klein 841220                  *
    7                   ; ****************************************************************************
    8                   ;
    9                   ; 24.06.2026 *dg* Kommentare hinzugefuegt
   10                   ;                 Binaer identisch zur Origial-Version
   11                   ; 06.07.2026 *dg* Erste Aenderungen am BIOS. Alte Monnitor-Routinen werden
   12                   ;                 nich mehr verwendet. Laufwerksumrechnung gedndert.
   13                   ;                 Version getestet.
   14                   ;                 Alle Aenderungen mit bedingter Assemblierung (Flag MINI3)
   15                   ;                 Testweise den Speicherbereich fuer das BIOS auf E200..EFFF
   16                   ;		  geaendert. CP/M startet dann bei CC00 (58K)
   17                   ; 09.07.2026 *dg* Erweitert um 4 IDE/CF-Laufwerke - funktioniert nicht
   18                   ;                 System bootet aber Schreiben auf die IDE-Laufwerke schldgt fehl.
   19                   
   20         0016      CPMVERS	EQU 22		; CP/M version
   21         0000      FALSE	EQU 0
   22         FFFF      TRUE	EQU NOT FALSE
   23         FFFF      TEST	EQU TRUE
   24         000D      CR	EQU 0DH		; carriage return
   25         000A      LF	EQU 0AH		; line feed
   26                   
   27                   ;------------------------------------------------------------------------------
   28                   ; Variant switches
   29                   
   30                   ; aktiviert alle bisherigen Aenderungen gegenueber der Originalversion 3.1
   31         FFFF      DG01	EQU TRUE
   32                   
   33                   ; aendert die Laufwerksdefinition:
   34                   ; 3 Mini drives
   35                   ; A = Mini drive 0
   36                   ; B = Mini drive 1
   37                   ; C = Mini drive 2
   38                   ; D = Maxi drive 3 Side 0
   39                   ; E = Maxi drive 3 Side 1
   40                   ; F = RAM disk
   41         FFFF      MINI3	EQU TRUE
   42                   
   43                   ; logical drive to boot from
   44         0000      	IF NOT MINI3
   46                   	ELSE
   47                   ;BTDRV	EQU 4		; drive E: (CF)
   48         0000      BTDRV	EQU 0		; drive A:
   49                   	ENDIF
   50                   
   51                   ;------------------------------------------------------------------------------
   52                   ; Monitor functions
   53                   
   54         FFFF      	IF DG01
   55                   
   56         F009      MCONOUT	EQU 0F009h	; character in C
   57                   
   58                   	ENDIF
   59                   
Z80ASM SuperFast Relocating Macro Assembler     	    Z80ASM 1.32 Page   2
NBIOS10 Z80

   60                   ;------------------------------------------------------------------------------
   61                   
   62                   ;MSIZE 	EQU 60		; Speichergroesse, hier 60K
   63         003A      MSIZE 	EQU 58		; Speichergroesse, hier 58K
   64                   
   65         9800      BIAS	EQU (MSIZE-20)*1024	; min=20K
   66         CC00      CCP	EQU 3400H+BIAS	; Start des CCP
   67         D406      BDOS	EQU CCP+806H	; dort beginnt das BDOS
   68         E200      BIOS	EQU CCP+1600H	; und dort das BIOS
   69                   
   70         CC00      CPMB	EQU CCP		; Start CP/M-Boot
   71                   
   72         1600      CPML	EQU BIOS-CPMB	; Laenge des CP/Ms
   73         002C      NSECTS	EQU CPML/128	; Anzahl der von CP/M belegten Sektoren
   74                   
   75                   
   76         E200      	ORG BIOS	; regular start of BIOS
   77                   	;ORG BIOS-4000H	; for debugging
   78                   
   79                   
   80         0004      CDISK	EQU 0004H	; address for last used drive
   81         0080      BUFF	EQU 0080H	; buffer address
   82         0005      RETRY	EQU 5		; Fehlerversuche bei BOOT und Maxi Read/Write
   83                   
   84                   ;-----------------------------------------------------------------------------
   85                   
   86                   ; VEKTORTABELLE der BIOS-Einspruenge
   87                   
   88 E200  C3 E33B     	JP BOOT	; Kalt-Start
   89                   	
   90 E203  C3 E35E     WBOOTE:	JP WBOOT	; Warm-Start, bei CTRL-C
   91 E206  C3 E332     	JP CONST	; Consol Status, Ergebnis in A
   92 E209  C3 E335     	JP CONIN	; Consol Eingabe, nach A	
   93 E20C  C3 F009     	JP CONOUT	; Consol Ausgabe von C
   94 E20F  C3 F00F     	JP LIST		; Ausgabe auf den Drucker, von C
   95 E212  C3 F00C     	JP PUNCH	; Ausgabe auf PO, C-Register
   96 E215  C3 F006     	JP READER	; Eingabe nach RI, A-Register
   97                   
   98 E218  C3 E406     	JP HOME		; Laufwerk nur Track 0
   99 E21B  C3 E40B     	JP SELDSK	; Select drive, returns disk parameter header block in HL
  100 E21E  C3 E421     	JP SETTRK	; Spur auswaehlen
  101 E221  C3 E426     	JP SETSEC	; Sektor auswaehlen
  102 E224  C3 E442     	JP SETDMA	; Adresse festlegen                     
  103 E227  C3 E455     	JP READ		; Sektor lesen
  104 E22A  C3 E4CB     	JP WRITE	; Sektor schreiben
  105 E22D  C3 E403     	JP LISTST	; Drucker fertig ?
  106 E230  C3 E42B     	JP SECTRAN	; sector translation (skew only)
  107                   
  108                   ;-----------------------------------------------------------------------------
  109                   
  110         0000      	IF NOT MINI3
  253                   	ELSE	; ------------------------------------------------------------
  254                   
  255                   	; size of mini disks A, B, C
  256                   	; TRUNC(5 logical sectors * 1024 logical sector size * (2*80 tracks - 4 offset) / 2048 block size) - 1 = ca. 780 KB
  257                   	; TRUNC (5 * 1024 * (160-4)/2048) - 1 = ca. 780 K
  258         0185      SIZEAB	EQU 389
  259                   
Z80ASM SuperFast Relocating Macro Assembler     	    Z80ASM 1.32 Page   3
NBIOS10 Z80

  260                   	; track offset for disk A, B, C
  261         0004      OFFSAB	EQU 4
  262                   
  263                   	;DISKS 8		; define 8 drives (A..H)
  264         0008      NDISKS	EQU	8	
  265                   
  266         E233      DPBASE	EQU	$		;BASE OF DISK PARAMETER BLOCKS
  267                   
  268 E233  0000  0000  DPE0:	DW	XLT0,0000H	;TRANSLATE TABLE
  269 E237  0000  0000  	DW	0000H,0000H	;SCRATCH AREA
  270 E23B  E7A0  E2B3  	DW	DIRBUF,DPB0	;DIR BUFF,PARM BLOCK
  271 E23F  E851  E820  	DW	CSV0,ALV0	;CHECK, ALLOC VECTORS
  272                   	
  273 E243  0000  0000  DPE1:	DW	XLT1,0000H	;TRANSLATE TABLE
  274 E247  0000  0000  	DW	0000H,0000H	;SCRATCH AREA
  275 E24B  E7A0  E2B3  	DW	DIRBUF,DPB1	;DIR BUFF,PARM BLOCK
  276 E24F  E8C2  E891  	DW	CSV1,ALV1	;CHECK, ALLOC VECTORS
  277                   	
  278 E253  0000  0000  DPE2:	DW	XLT2,0000H	;TRANSLATE TABLE
  279 E257  0000  0000  	DW	0000H,0000H	;SCRATCH AREA
  280 E25B  E7A0  E2B3  	DW	DIRBUF,DPB2	;DIR BUFF,PARM BLOCK
  281 E25F  E921  E902  	DW	CSV2,ALV2	;CHECK, ALLOC VECTORS
  282                   	
  283 E263  E2D1  0000  DPE3:	DW	XLT3,0000H	;TRANSLATE TABLE
  284 E267  0000  0000  	DW	0000H,0000H	;SCRATCH AREA
  285 E26B  E7A0  E2C2  	DW	DIRBUF,DPB3	;DIR BUFF,PARM BLOCK
  286 E26F  E950  E931  	DW	CSV3,ALV3	;CHECK, ALLOC VECTORS
  287                   	
  288 E273  0000  0000  DPE4:	DW	0000h, 0000h
  289 E277  0000  0000  	DW	0000h, 0000h
  290 E27B  E7A0  E2EB  	DW	DIRBUF, DPB4
  291 E27F  E9E0  E960  	DW	CSV4, ALV4
  292                   	
  293 E283  0000  0000  DPE5:	DW	0000h, 0000h
  294 E287  0000  0000  	DW	0000h, 0000h
  295 E28B  E7A0  E2EB  	DW	DIRBUF, DPB5
  296 E28F  EA61  E9E1  	DW	CSV5, ALV5
  297                   	
  298 E293  0000  0000  DPE6:	DW	0000h, 0000h
  299 E297  0000  0000  	DW	0000h, 0000h
  300 E29B  E7A0  E2EB  	DW	DIRBUF, DPB6
  301 E29F  EAE2  EA62  	DW	CSV6, ALV6
  302                   	
  303 E2A3  0000  0000  DPE7:	DW	0000h, 0000h
  304 E2A7  0000  0000  	DW	0000h, 0000h
  305 E2AB  E7A0  E2EB  	DW	DIRBUF, DPB7
  306 E2AF  EB63  EAE3  	DW	CSV7, ALV7
  307                   
  308                   	; Disk 0 (A) ---------------------------------------------------------
  309                   	
  310                   	; *** DISKDEF BEDEUTUNG DER PARAMETER***
  311                   	; 0 = NUMMER DES LAUFWERKS
  312                   	; 0 = NUMMER DES ERSTEN SEKTORS EINER SPUR
  313                   	; 39 =  NUMMER DES LETZTEN SEKTORS EINER SPUR
  314                   	; 0 = OPTIONALER VERSCHIEBUNGSFAKTOR ZUM
  315                   	;     VERSETZEN ABSPEICHERN DER SEKTOREN
  316                   	; 2048 = GROESSE EINES BLOCKS
  317                   	; SIZEAB = ZAHL DER MAX. MOEGLICHEN BLOECKE
Z80ASM SuperFast Relocating Macro Assembler     	    Z80ASM 1.32 Page   4
NBIOS10 Z80

  318                   	; 256 = ZAHL DER DIRECTORY EINTRITTSPUNKTE
  319                   	; 256 = ZAHL DER GEPRUEFTEN EINTRITTSPUNKTE
  320                   	; OFFSAB = ADDITIVE KONSTANTE ZUM ANSPRECHEN DER SPUR 00
  321                   
  322                   	; physical format: 3,5 inch/5.25 inch, DD, DS, 1024 bytes/sector, 5 sectors/track, 80 tracks
  323                   	; DISKDEF 0,0,39,0,2048,SIZEAB,256,256,OFFSAB
  324         E2B3      DPB0	EQU	$		;DISK PARM BLOCK
  325 E2B3  0028        	DW	40		;SEC PER TRACK
  326 E2B5  04          	DB	4		;BLOCK SHIFT
  327 E2B6  0F          	DB	15		;BLOCK MASK
  328 E2B7  00          	DB	0		;EXTNT MASK
  329 E2B8  0184        	DW	388		;DISK SIZE-1
  330 E2BA  00FF        	DW	255		;DIRECTORY MAX
  331 E2BC  F0          	DB	240		;ALLOC0
  332 E2BD  00          	DB	0		;ALLOC1
  333 E2BE  0040        	DW	64		;CHECK SIZE
  334 E2C0  0004        	DW	4		;OFFSET
  335         0000      XLT0	EQU	0		;NO XLATE TABLE
  336                   
  337                   	; Disk 1 (B), same as Disk A -----------------------------------------
  338                   	
  339                   	; DISKDEF 1,0	; LAUFWERK 1 WIE LAUFWERK 0 DEFINIERT
  340         E2B3      DPB1	EQU	DPB0	;EQUIVALENT PARAMETERS
  341                   ;ALS1	EQU	ALS0	;SAME ALLOCATION VECTOR SIZE
  342                   ;CSS1	EQU	CSS0	;SAME CHECKSUM VECTOR SIZE
  343         0000      XLT1	EQU	XLT0	;SAME TRANSLATE TABLE
  344                   
  345                   	; Disk 2 (C), same as Disk A -----------------------------------------
  346                   
  347                   	; DISKDEF 2,0	; LAUFWERK 2 WIE LAUFWERK 0 DEFINIERT
  348         E2B3      DPB2	EQU	DPB0	;EQUIVALENT PARAMETERS
  349                   ;ALS2	EQU	ALS0	;SAME ALLOCATION VECTOR SIZE
  350                   ;CSS2	EQU	CSS0	;SAME CHECKSUM VECTOR SIZE
  351         0000      XLT2	EQU	XLT0	;SAME TRANSLATE TABLE
  352                   
  353                   	; Disk 3 (D) --------------------------------------------------------
  354                   	; physical format: 8 inch, SD, SS, 128 bytes/sector, 26 sectors/track, 77 tracks
  355                   	; DISKDEF 3,1,26,6,1024,243,64,64,2 ; 8 ZOLL DEFINITION
  356                   
  357         E2C2      DPB3	EQU	$		;DISK PARM BLOCK
  358 E2C2  001A         	DW	26		;SEC PER TRACK
  359 E2C4  03           	DB	3		;BLOCK SHIFT
  360 E2C5  07           	DB	7		;BLOCK MASK
  361 E2C6  00           	DB	0		;EXTNT MASK
  362 E2C7  00F2         	DW	242		;DISK SIZE-1
  363 E2C9  003F         	DW	63		;DIRECTORY MAX
  364 E2CB  C0           	DB	192		;ALLOC0
  365 E2CC  00           	DB	0		;ALLOC1
  366 E2CD  0010         	DW	16		;CHECK SIZE
  367 E2CF  0002         	DW	2		;OFFSET
  368                   	
  369         E2D1      XLT3	EQU	$		;TRANSLATE TABLE
  370 E2D1  01           	DB	1		
  371 E2D2  07           	DB	7		
  372 E2D3  0D           	DB	13		
  373 E2D4  13           	DB	19		
  374 E2D5  19           	DB	25		
  375 E2D6  05           	DB	5		
Z80ASM SuperFast Relocating Macro Assembler     	    Z80ASM 1.32 Page   5
NBIOS10 Z80

  376 E2D7  0B           	DB	11		
  377 E2D8  11           	DB	17		
  378 E2D9  17           	DB	23		
  379 E2DA  03           	DB	3		
  380 E2DB  09           	DB	9		
  381 E2DC  0F           	DB	15		
  382 E2DD  15           	DB	21		
  383 E2DE  02           	DB	2		
  384 E2DF  08           	DB	8		
  385 E2E0  0E           	DB	14		
  386 E2E1  14           	DB	20		
  387 E2E2  1A            	DB	26		
  388 E2E3  06           	DB	6		
  389 E2E4  0C           	DB	12		
  390 E2E5  12           	DB	18		
  391 E2E6  18           	DB	24		
  392 E2E7  04           	DB	4		
  393 E2E8  0A           	DB	10		
  394 E2E9  10           	DB	16		
  395 E2EA  16           	DB	22	
  396                   
  397                   	; Disk 4 (E), IDE partition 0 ----------------------------------------
  398                   	; 64-sector tracks, numbering starting at zero (sectors 0 to 63)
  399                   	; Block size 2048
  400                   	; Disk size 2 mb, DSM 1023, yields 256 tracks (0 to 255)
  401 E2EB              DPB4:	;disk parameter block for all disks.
  402 E2EB  0040        	DW	64		;sectors per track
  403 E2ED  04          	DB	4		;block shift factor
  404 E2EE  0F          	DB	15		;block mask - with block shift, sets block size to 1024
  405 E2EF  00          	DB	0		;null mask
  406 E2F0  03FF        	DW	1023		;disk size-1 = number of blocks in a disk - 1
  407 E2F2  0100        	DW	256		;directory max = no. directory entries/disk, arbitrary
  408 E2F4  F0          	DB	240		;alloc 0 -- need 4 bits (blocks) for 256 directory entries -- 
  409 E2F5  00          	DB	0		;alloc 1 -- no. bits = (directory max x 32)/block size	
  410 E2F6  0000        	DW	0		;check size -- no checking, so zero
  411 E2F8  0001        	DW	1		;track offset -- first track for system
  412                   
  413                   	; Disk 5 (F), IDE partition 1 ----------------------------------------
  414         E2EB      DPB5	EQU	DPB4	;EQUIVALENT PARAMETERS
  415                   ;ALS3	EQU	ALS2	;SAME ALLOCATION VECTOR SIZE
  416                   ;CSS3	EQU	CSS2	;SAME CHECKSUM VECTOR SIZE
  417                   
  418                   	; Disk 6 (G), IDE partition 2 ----------------------------------------
  419         E2EB      DPB6	EQU	DPB4	;EQUIVALENT PARAMETERS
  420                   ;ALS3	EQU	ALS2	;SAME ALLOCATION VECTOR SIZE
  421                   ;CSS3	EQU	CSS2	;SAME CHECKSUM VECTOR SIZE
  422                   
  423                   	; Disk 7 (H), IDE partition 3 ----------------------------------------
  424         E2EB      DPB7	EQU	DPB4	;EQUIVALENT PARAMETERS
  425                   ;ALS3	EQU	ALS2	;SAME ALLOCATION VECTOR SIZE
  426                   ;CSS3	EQU	CSS2	;SAME CHECKSUM VECTOR SIZE
  427                   
  428                   	ENDIF	; MINI3
  429                   
  430                   ;-----------------------------------------------------------------------------
  431                   ; CP/M message after cold start
  432                   
  433 E2FA              SIGNON:
Z80ASM SuperFast Relocating Macro Assembler     	    Z80ASM 1.32 Page   6
NBIOS10 Z80

  434                   
  435         0000      	IF NOT DG01
  444                   	ELSE
  445                   
  446 E2FA  1A          	DB 26
  447 E2FB  0D 0A 43 50 	DB CR,LF,'CP/M '
  448 E302  32 2E 32    	DB CPMVERS/10+'0','.',CPMVERS MOD 10+'0'
  449 E305  20 66 6F 72 	DB ' for MC-Computer '
  450 E316  35 38       	DB MSIZE/10+'0',MSIZE MOD 10+'0'
  451 E318  4B 20 42 49 	DB 'K BIOS 260709-04 BOOT='
  452 E32E  30          	DB BTDRV+'0'
  453 E32F  0D 0A 00    	DB CR,LF,0
  454                   	
  455                   	ENDIF
  456                   
  457                   ;-----------------------------------------------------------------------------
  458                   ; Monitor routines and addresses
  459                   
  460 E332  C3 F012     CONST:	JP 0F012H	; DIESE ROUTINE LIEFERT DEN STATUS DER
  461                   			; EINGABETASTATUR. WURDE EIN ZEICHEN
  462                   			; EINGEGEBEN, SO LIEFERT DIE ROUTINE 0FFH. 
  463                   	
  464 E335  CD F003     CONIN:	CALL 0F003H	; DIE ROUTINE HOLT EIN ZEICHEN VON DER
  465                   			; TASTATUR AB UND SETZT DAS HOECHSTE BIT
  466                   			; (PARITY BIT) AUF NULL
  467 E338  E6 7F       	AND 7FH
  468 E33A  C9          	RET
  469                   
  470         F01E      MON80	EQU 0F01EH	; Neustart des Monitors
  471                   
  472         F009      CONOUT	EQU 0F009H	; ROUTINE ZUR AUSGABE EINES ZEICHENS IM
  473                   			; C-REGISTER AN DIE KONSOLE. DAZU SPRUNG 
  474                   			; IN DEN MONITOR IM EPROM
  475                   
  476         F00F      LIST	EQU 0F00FH	; ADRESSE FUER DEN SPRUNG IN DIE AUSGABEROUTINE,
  477                   			; UM EIN ZEICHEN IM C-REGISTER AN DIE DRUCKER-
  478                   			; SCHNITTSTELLE ZU LIEFERN
  479                   
  480         F00C      PUNCH	EQU 0F00CH	; ADRESSE FUER DEN SPRUNG IN DIE AUSGABEROUTINE,
  481                   			; UM EIN ZEICHEN IM C-REGISTER AN DIE STANZ-
  482                   			; SCHNITTSTELLE ZU LIEFERN
  483                   
  484         F006      READER	EQU 0F006H	; ADRESSE FUER DEN SPRUNG IN DIE EINGABEROUTINE,
  485                   			; UM EIN ZEICHEN VON LESER-KANAL ZU HOLEN,
  486                   			; UND DAS ZEICHEN IM A-REGISTER ABZULIEFERN (RI)	
  487                   
  488                   ;-----------------------------------------------------------------------------
  489                   ; Cold boot
  490                   
  491 E33B  31 0100     BOOT:	LD SP,BUFF+80H	; output start message
  492 E33E  21 E2FA     	LD HL,SIGNON
  493 E341  CD E448     	CALL PRMSG
  494                   	
  495                   	; clear / set last used drive
  496 E344  3E 00       	LD A,BTDRV
  497 E346  32 0004     	LD (CDISK),A
  498                   	
  499                   	; sector buffer is empty, set to physical sector buffer not changed
Z80ASM SuperFast Relocating Macro Assembler     	    Z80ASM 1.32 Page   7
NBIOS10 Z80

  500 E349  AF          	XOR A
  501 E34A  32 E792     	LD (BUFCHG),A
  502                   	
  503                   	; drive is undefined
  504 E34D  3E FF       	LD A,0FFH
  505 E34F  32 E793     	LD (CURDRV),A
  506                   
  507                   	; disable monitor entries, set to WBOOT
  508 E352  21 E35E     	LD HL,WBOOT
  509 E355  22 F034     	LD (0F033H+1),HL
  510 E358  22 F037     	LD (0F036H+1),HL
  511                   	
  512         FFFF      	IF DG01
  513                   	; patch BDOS avtive drive
  514                   	;CALL PATA
  515                   	;CALL PATB
  516                   	ENDIF
  517                   	
  518 E35B  C3 E3B9     	JP GOCPM	; start CP/M
  519                   
  520                   ;-----------------------------------------------------------------------------
  521                   ; Warm boot
  522                   
  523 E35E              WBOOT:	; write physical sector buffer to disk if changed
  524 E35E  3A E792     	LD A,(BUFCHG)
  525 E361  B7          	OR A
  526 E362  CA E365     	JP Z,WBOO1
  527                   
  528         0000      	IF NOT MINI3
  535                   	ENDIF
  536                   			
  537 E365  3E FF       WBOO1:	LD A,0FFH	; alle Tracks ungueltig, bei Diskettenwechsel wichtig
  538 E367  32 E793     	LD (CURDRV),A
  539                   
  540 E36A  31 0080     	LD SP,BUFF	; Stack zuweisen
  541 E36D  0E 05       	LD C,RETRY	; Anzahl der Versuche
  542 E36F  C5          	PUSH BC		; und dann anfangen zu booten
  543                   
  544 E370              WBOO2:	; loop, load CP/M
  545                   	; hier ist noch das Format des Boot-Laufwerks hardkodiert !!!
  546 E370  01 CC00     	LD BC,CPMB	; Boot von MINI-Diskette / Boot drive
  547 E373  CD E442     	CALL SETDMA	; auf der Startadresse des CP/Ms
  548 E376  0E 00       	LD C,BTDRV	; Laufwerk A (or BTDRV)
  549 E378  CD E40B     	CALL SELDSK	; auswaehlen
  550 E37B  0E 00       	LD C,0		; Track 0
  551 E37D  CD E421     	CALL SETTRK	; und den zweiten phys. Sektor, (Nr 8 logisch)
  552 E380  0E 08       	LD C,8		; entspricht Nr 2 bei 1024 Bytes
  553 E382  CD E426     	CALL SETSEC	; wichtig, da andere Zaehlweise
  554 E385  C1          	POP BC		; und von da an n Sektoren einlesen
  555 E386  06 2C       	LD B,NSECTS	; aber das BIOS nicht ueberschreiben
  556                   			; damit Patches leicht moeglich sind
  557                   
  558 E388  0E 2A       	LD C,'*'
  559 E38A  CD F009     	CALL MCONOUT
  560                   
  561 E38D              WBOO3:	; sector read loop
  562 E38D  C5          	PUSH BC		; Anzahl merken
  563 E38E  CD E455     	CALL READ	; LESEN ausfuehren
Z80ASM SuperFast Relocating Macro Assembler     	    Z80ASM 1.32 Page   8
NBIOS10 Z80

  564 E391  C2 E3EB     	JP NZ,BOOTERR	; Fehler: defekter Sektor
  565                   	
  566 E394  2A E79E     	LD HL,(IOD)	; Zieladresse laden
  567 E397  11 0080     	LD DE,128	; um logische Sektorgroesser erhoehen
  568 E39A  19          	ADD HL,DE	; dazu addieren,
  569 E39B  22 E79E     	LD (IOD),HL	; und dann wieder zurueckspeichern.
  570 E39E  3A E79D     	LD A,(IOS)	; Sektor laden
  571 E3A1  FE 27       	CP 39		; Mini 0..39 Sektoren a 128 Bytes
  572                   			; Anzahl der Sektoren hardcodiert !!!
  573 E3A3  DA E3B0     	JP C,WBOO4	; solange auf der gleichen Spur bleiben
  574                   
  575                   	; next track, Spurzuordnung hardcodert !!!
  576 E3A6  3A E79C     	LD A,(IOT)	; Dann neue Spur anwaehlen,
  577 E3A9  3C          	INC A	  	; jedoch im Verfahren 0,2,...
  578 E3AA  3C          	INC A		; SPUR 0, dann SPUR 2, wegen BOOT.ASM
  579 E3AB  32 E79C     	LD (IOT),A	; denn 1,3,5 ist die Rueckseite des Laufwerks
  580 E3AE  3E FF       	LD A,0FFH	; 0,1,2,3.... nach Increment A=0
  581                   	
  582 E3B0  3C          WBOO4:	INC A		; dann 0
  583 E3B1  32 E79D     	LD (IOS),A	; und auch neuesn Sektor anwaehlen
  584 E3B4  C1          	POP BC		; Schleifenzaehler zuruech
  585 E3B5  05          	DEC B		; und immer weiter lesen
  586 E3B6  C2 E38D     	JP NZ,WBOO3	; -> read next sector
  587                   	
  588                   	;---------------------------------------------------------------------
  589                   
  590 E3B9  01 0080     GOCPM:	LD BC,BUFF	; Buffer auf Default einstellen
  591 E3BC  CD E442     	CALL SETDMA	; so wie es CP/M braucht
  592 E3BF  3E C3       	LD A,0C3H	; Sprung auf den WARM-Boot im
  593 E3C1  32 0000     	LD (0),A	; RAM ablegen.
  594 E3C4  21 E203     	LD HL,WBOOTE	; Warm-Boot-Adresse
  595 E3C7  22 0001     	LD (1),HL	; nicht vergessen
  596 E3CA  32 0005     	LD (5),A	; Sprung auf die BDOS-CALL-Adresse
  597 E3CD  21 D406     	LD HL,BDOS	; legen und auch das Ziel
  598 E3D0  22 0006     	LD (6),HL	; dorthin
  599 E3D3  32 0038     	LD (7*8),A	; RST7 definieren, default ist Monitor
  600 E3D6  21 F01E     	LD HL,MON80	; der aber normalerweise kurzgeschl. ist.
  601 E3D9  22 0039     	LD (7*8+1),HL		
  602                   	
  603         FFFF      	IF DG01
  604                   	; clear / set last used drive
  605 E3DC  3E 00       	LD A,BTDRV
  606 E3DE  32 0004     	LD (CDISK),A
  607                   	; patch BDOS active drive
  608 E3E1  CD E691     	CALL PATA
  609                   	;CALL PATB
  610                   	ENDIF
  611                   	
  612 E3E4  3A 0004     	LD A,(CDISK)	; das zuletzt verwendete Laufwerk
  613 E3E7  4F          	LD C,A		; laden und damit selektieren.
  614 E3E8  C3 CC00     	JP CPMB
  615                   
  616                   	;---------------------------------------------------------------------
  617                   
  618 E3EB              BOOTERR:		; im Fehlerfalle, bei BAD-Sektor.
  619 E3EB  C1          	POP BC		; erst mal nocheinmal versuchen
  620 E3EC  0D          	DEC C
  621 E3ED  CA E3F4     	JP Z,BOOTE0	; bis hoffnungslos, dann Fehlermeldung
Z80ASM SuperFast Relocating Macro Assembler     	    Z80ASM 1.32 Page   9
NBIOS10 Z80

  622                   	
  623 E3F0  C5          	PUSH BC
  624 E3F1  C3 E370     	JP WBOO2	; -> try again
  625                   
  626 E3F4              BOOTE0:	; Fehlermeldung ausgeben und Monitor neu starten, bzw. WBOOT
  627 E3F4  21 E3FD     	LD HL,ERRMSG
  628 E3F7  CD E448     	CALL PRMSG
  629 E3FA  C3 F01E     	JP MON80
  630                   
  631 E3FD              ERRMSG:	; Fehlermeldung
  632 E3FD  3F 42 4F 4F 	DB '?BOOT',0
  633                   
  634                   ;-----------------------------------------------------------------------------
  635                   ; List status (used by BDOS)
  636                   ; LST state, not used
  637                   
  638 E403  00          LISTST:	NOP
  639 E404  AF          	XOR A		; ggf. hier Sprung einbauen.
  640 E405  C9          	RET
  641                   
  642                   ;-----------------------------------------------------------------------------
  643                   ; Home drive (used by BDOS)
  644                   
  645 E406  0E 00       HOME:	LD C,0		; aber nur anwaehlen, nicht
  646 E408  C3 E421     	JP SETTRK	; ausfuehren
  647                   
  648                   ;-----------------------------------------------------------------------------
  649                   ; Select disk (used by BDOS)
  650                   ; drive-code in C (0..3)
  651                   
  652 E40B  21 0000     SELDSK:	LD HL,0		; und pruefen ob gueltig
  653 E40E  79          	LD A,C		; wenn groesser als ndisks
  654 E40F  FE 08       	CP NDISKS	; dann nicht ok
  655 E411  D0          	RET NC		; Nummer 0 bis n-1 erscheint in A
  656                   	
  657 E412  32 E799     	LD (DBANK),A
  658                   
  659         FFFF      	IF DG01
  660                   	;POP HL
  661                   	;PUSH HL
  662                   	;CALL DEBSEL
  663                   	ENDIF
  664                   	
  665                   			; dann zusaetzlich die	
  666 E415  69          	LD L,C		; Laufwerkstabelle ausrechnen
  667 E416  26 00       	LD H,0		; dazu Nummer mit 16 multiplizieren
  668 E418  29          	ADD HL,HL	
  669 E419  29          	ADD HL,HL	
  670 E41A  29          	ADD HL,HL	
  671 E41B  29          	ADD HL,HL	
  672 E41C  11 E233     	LD DE,DPBASE	; und Basisadresse drauf addieren.
  673 E41F  19          	ADD HL,DE
  674                   
  675                   	;IF DG01
  676                   	;LD (IOPB),HL	; save DPB for additional parameters (not used yet)
  677                   	;ENDIF
  678                   
  679 E420  C9          	RET
Z80ASM SuperFast Relocating Macro Assembler     	    Z80ASM 1.32 Page  10
NBIOS10 Z80

  680                   
  681                   ;-----------------------------------------------------------------------------
  682                   ; Select track (used by BDOS)
  683                   ; track in C
  684                   
  685 E421  21 E79C     SETTRK:	LD HL,IOT
  686 E424  71          	LD (HL),C
  687 E425  C9          	RET
  688                   
  689                   ;-----------------------------------------------------------------------------
  690                   ; Select sector  (used by BDOS)
  691                   ; sector in C
  692                   
  693 E426  21 E79D     SETSEC:	LD HL,IOS
  694 E429  71          	LD (HL),C
  695 E42A  C9          	RET
  696                   
  697                   ;-----------------------------------------------------------------------------
  698                   ; Sector translation (used by BDOS)
  699                   ; sector in C
  700                   ; skew table in DE (or 0)
  701                   
  702 E42B  7A          SECTRAN:LD A,D		; wenn ein SKEW-Faktor verwendet wird,
  703 E42C  B3                  OR E		; wie z.B. bei 8 Zoll ueblich.
  704 E42D  CA E43A             JP Z,SECTR1	; =0, -> no skew
  705                   
  706 E430  06 00       	LD B,0		; sonst in DE Adresse der Skew-Tabelle
  707 E432  EB          	EX DE,HL	; skew table -> HL
  708 E433  09          	ADD HL,BC	; add BC
  709 E434  7E          	LD A,(HL)	; load skew value
  710 E435  32 E79D     	LD (IOS),A	; save in IOS 
  711 E438  6F          	LD L,A		; and in L
  712 E439  C9          	RET
  713                   
  714 E43A              SECTR1:	; no skew
  715 E43A  69          	LD L,C		; sonst nur einfache Wert
  716 E43B  79                  LD A,C		; uebernehmen, ohne Umrechnung.
  717 E43C  32 E79D             LD (IOS),A	; auch merken
  718 E43F  26 00               LD H,0		; se 0..255 max
  719 E441  C9                  RET
  720                   
  721                   ;-----------------------------------------------------------------------------
  722                   ; Set DMA address (used by BDOS)
  723                   ; address in BC
  724                   
  725 E442  69          SETDMA:	LD L,C
  726 E443  60          	LD H,B
  727 E444  22 E79E     	LD (IOD),HL
  728 E447  C9          	RET
  729                   
  730                   ;-----------------------------------------------------------------------------
  731                   ; 0-terminerte Text ausgaben, Adresse in HL
  732                   
  733 E448  7E          PRMSG: 	LD A,(HL)
  734 E449  B7          	OR A
  735 E44A  C8          	RET Z		; -> end of text
  736                   	
  737 E44B  E5          	PUSH HL
Z80ASM SuperFast Relocating Macro Assembler     	    Z80ASM 1.32 Page  11
NBIOS10 Z80

  738 E44C  4F          	LD C,A
  739 E44D  CD F009     	CALL CONOUT
  740 E450  E1          	POP HL
  741 E451  23          	INC HL
  742 E452  C3 E448     	JP PRMSG	; -> next char
  743                   
  744                   ;=============================================================================
  745                   ; Read and write sector using FEXEC into monitor
  746                   
  747                   ;-----------------------------------------------------------------------------
  748                   ; Read sector
  749                   
  750                   ; Buffer (DMA address) in IOD
  751                   ; Drive in DBANK (0..n-1)
  752                   ; Track in IOT (0..n-1)
  753                   ; Sector in IOS (0..n-1)
  754                   
  755 E455              READ:
  756         0000      	IF NOT DG01
  765                   	ELSE
  766                   
  767                   	;POP HL
  768                   	;PUSH HL
  769                   	;CALL DEBDRV	; debug output (DBANK)
  770                   
  771 E455  3A E799     	LD A,(DBANK)	; drive 0..5
  772 E458  FE 03       	CP 3
  773 E45A  DA E53D     	JP C,MINIRD	; A < 3 -> drive 0,1,2 (Mini disks)
  774                   	
  775 E45D  FE 04       	CP 4
  776 E45F  DA E4AB     	JP C,MAXIRD	; A < 4 -> drive 3 (Maxi disks)
  777                   	
  778                   	ENDIF
  779                   
  780                   	;---------------------------------------------------------------------
  781                   	; A >= 5, Read RAM disk
  782                   
  783         0000      	IF NOT DG01
  794                   	ELSE
  795                   	
  796 E462  FE 08       	CP 8
  797 E464  DA E635     	JP C,IDERD	; A < 8 -> IDE disks 4,5,6,7
  798                   	
  799                   	ENDIF
  800                   	
  801                   	; error
  802 E467  3E 01       	LD A,1		; Fehler da, Bank nicht vorhanden,
  803 E469  C9          	RET		; wirkt wie BAD-Sektor
  804                   
  805                   	;---------------------------------------------------------------------
  806                   	
  807 E46A  AF          NOERR:	XOR A		; sonst ok.
  808 E46B  C9          	RET
  809                   
  810                   	;---------------------------------------------------------------------
  811                   	; Calculate address for ram disk, source in HL
  812                   	; SEKTOR 0..E,  TRAck 0..5fh
  813                   	; SSSSTTTT T0000000   , adresse fuer RAM-Floppy
Z80ASM SuperFast Relocating Macro Assembler     	    Z80ASM 1.32 Page  12
NBIOS10 Z80

  814 E46C  3A E79C     ADRERZ:	LD A,(IOT)		; Track holen
  815 E46F  0F           	RRCA 			; und umrechnen
  816 E470  E6 0F        	AND 0FH		; unterer Teil vom MSB
  817 E472  67           	LD H,A
  818 E473  3A E79D      	LD A,(IOS)		; dann Sektor dazu
  819 E476  07           	RLCA
  820 E477  07           	RLCA
  821 E478  07           	RLCA
  822 E479  07           	RLCA
  823 E47A  E6 F0        	AND 0F0H
  824 E47C  B4           	OR H
  825 E47D  67           	LD H,A		; damit sssstttt ok
  826 E47E  3A E79C      	LD A,(IOT)
  827 E481  0F           	RRCA			; txxxxxxx
  828 E482  E6 80        	AND 80H
  829 E484  6F           	LD L,A		; t0000000
  830 E485  3A E79C      	LD A,(IOT)		; nun noch bank bestimmen, in c und b	
  831 E488  07           	RLCA			; und dazu msb-Teil des Tracks verwenden
  832 E489  07           	RLCA			; 0mmttttt
  833 E48A  07           	RLCA			; Banknummer
  834 E48B  E6 03        	AND 03H		; 000000mm
  835 E48D  C6 01       	ADD A,1			; erst ab Bank 1 starten
  836 E48F  47           	LD B,A		; da BANK 0=CP/M RAM und TPA
  837 E490  4F           	LD C,A		; ok beide definiert
  838 E491  C9           	RET
  839                   
  840                   ;-----------------------------------------------------------------------------
  841                     
  842                   ; Umrechnen fuer Maxi fuer neue Monitor Floppy-Routine
  843                   ; drive-code -> C
  844                   
  845 E492              MAXCAL:
  846         0000      	IF NOT DG01	; ----------
  863                   	ELSE		; ----------
  864                   
  865                   	; drive A,B,C -> 001,010,100
  866 E492  E5          	PUSH HL
  867 E493  3A E799     	LD A,(DBANK)
  868 E496  21 E530     	LD HL,CALCTB
  869 E499  CD E535     	CALL LOOKUP
  870 E49C  E1          	POP HL
  871 E49D  4F          	LD C,A
  872                   
  873 E49E  3A E799     	LD A,(DBANK)
  874 E4A1  FE 04       	CP 4
  875 E4A3  C2 E4AA     	JP NZ,MAXC1
  876                   	
  877                   	; drive E, side 1
  878 E4A6  79          	LD A,C
  879 E4A7  F6 80       	OR 10000000B
  880 E4A9  4F          	LD C,A
  881                   
  882 E4AA  C9          MAXC1:	RET
  883                   	
  884                   	ENDIF		; ----------
  885                   
  886                   ;-----------------------------------------------------------------------------
  887                   ; Read Maxi disk
Z80ASM SuperFast Relocating Macro Assembler     	    Z80ASM 1.32 Page  13
NBIOS10 Z80

  888                   
  889 E4AB  06 05       MAXIRD:	LD B,RETRY	; Anzahl der Leseversuche
  890                   
  891 E4AD              MAXIR1:	; retry loop
  892 E4AD  C5          	PUSH BC		; dann ausfuehren
  893 E4AE  2A E79E     	LD HL,(IOD)	; Zieladresse holen
  894 E4B1  3A E79C     	LD A,(IOT)	; Spurnummer
  895 E4B4  57          	LD D,A	
  896 E4B5  3A E79D     	LD A,(IOS)	; Sektornummer
  897 E4B8  5F          	LD E,A
  898 E4B9  06 01       	LD B,1		; Lese-Befehlscode
  899 E4BB  CD E492     	CALL MAXCAL	; vorher Laufwerkscode umrechnen
  900 E4BE  CD E6C4     	CALL FEXEC	; und dann ausfuehren
  901 E4C1  C1          	POP BC		; Retry-Zaehler
  902 E4C2  C8          	RET Z		; kein Fehler, dann ok zurueck
  903 E4C3  05          	DEC B		; sonst nochmals probieren
  904 E4C4  C2 E4AD     	JP NZ,MAXIR1	; -> retry		
  905                   	
  906 E4C7  3E 01       	LD A,1		; BAD SEKTOR
  907 E4C9  B7          	OR A
  908 E4CA  C9          	RET
  909                   
  910                   ;-----------------------------------------------------------------------------
  911                   ; Write sector using FEXEC into monitor
  912                   
  913                   ; Buffer (DMA address) in IOD
  914                   ; Drive in DBANK (0..n-1)
  915                   ; Track in IOT (0..n-1)
  916                   ; Sector in IOS (0..n-1)
  917                   ; BDOS-Flag in C (0 = standard sector, 1 = directory sector, 2 =  first sector in block)
  918                   
  919 E4CB              WRITE:	
  920         0000      	IF NOT DG01
  929                   	ELSE
  930                   
  931                   	;POP HL
  932                   	;PUSH HL
  933                   	;CALL DEBDRV	; debug output (DBANK)
  934                   
  935 E4CB  3A E799     	LD A,(DBANK)	; drive 0..5
  936 E4CE  FE 03       	CP 3
  937 E4D0  DA E582     	JP C,MINIWR	; A < 3 -> drive 0,1,2 (Mini disks)
  938                   	
  939 E4D3  FE 04       	CP 4
  940 E4D5  DA E4E0     	JP C,MAXIWR	; A < 4 -> drive 3 (Maxi disks)
  941                   	
  942                   	ENDIF
  943                   	
  944                   	;---------------------------------------------------------------------
  945                   	
  946         0000      	IF NOT DG01
  956                   	ELSE
  957                   	
  958 E4D8  FE 08       	CP 8
  959 E4DA  DA E663     	JP C,IDEWR	; A < 8 -> IDE disks 4,5,6,7
  960                   	
  961                   	ENDIF
  962                   	
Z80ASM SuperFast Relocating Macro Assembler     	    Z80ASM 1.32 Page  14
NBIOS10 Z80

  963 E4DD  3E 01       	LD A,1		; Fehler ausgeben
  964 E4DF  C9          	RET
  965                   
  966                   	;---------------------------------------------------------------------
  967                   	; Write Maxi disk
  968                   
  969 E4E0  06 05       MAXIWR:	LD B,RETRY
  970                   
  971 E4E2  C5          MAXIW1:	PUSH BC		; Dazu Fehlerzaehler retten
  972                   
  973 E4E3  2A E79E     	LD HL,(IOD)	; Quelleadresse laden
  974                   	
  975 E4E6  3A E79C     	LD A,(IOT)	; Spur
  976 E4E9  57          	LD D,A
  977                   	
  978 E4EA  3A E79D     	LD A,(IOS)	; Sektor
  979 E4ED  5F          	LD E,A
  980                   	
  981 E4EE  06 02       	LD B,2		; Schreib-Befehlscode
  982 E4F0  CD E492     	CALL MAXCAL	; vorher Laufwerk umrechnen
  983 E4F3  CD E6C4     	CALL FEXEC	; und ausfuehren
  984 E4F6  C1          	POP BC	
  985 E4F7  C8          	RET Z		; -> no error
  986                   	
  987 E4F8  05          	DEC B
  988 E4F9  C2 E4E2     	JP NZ,MAXIW1	; -> retry
  989                   	
  990 E4FC  3E 01       	LD A,1		; bad sector
  991 E4FE  B7          	OR A
  992 E4FF  C9          	RET
  993                   
  994                   ;=============================================================================
  995                   ; Read Mini disk, 80 Spur, DD, DS
  996                   
  997                   ;READ und WRITE unter Verwendung von MEXEC
  998                   ; HL=DMA ADR
  999                   ; DE=TRACK/SECTOR
 1000                   ; B=0 RSTORE
 1001                   ;   1 READ
 1002                   ;   2 WRITE
 1003                   ; C=DRIVE 0...3  10H,11H,12H,13H  DOUBMIN 0D0H,0D1H,0D2H,0D3H
 1004                   ;                                          A   C    B    D
 1005                   ; 1K BUFFER IN MONITORGEBIET
 1006                   ; WIRD DADURCH TEILWEISE UEBERSCHRIEBEN
 1007                   ; BEI WARMBOOT MUSS BUFFER GELEERT WERDEN
 1008                   ; DEBLOCK WIRD AUS SICHERHEITSGRUENDEN NICHT VERWENDET
 1009                   
 1010         FC00      PHSBUF	EQU 0FC00H	; Memory area of interactive Monitor for logical sector (1K)
 1011                   
 1012                   ;-----------------------------------------------------------------------------
 1013                   ; Calculates physical drive from DBANK and IOT -> C
 1014                   ; only for Mini disks 0 and 1
 1015                   
 1016                   ; DBANK, IOT     C
 1017                   ;  0     F    -> 0
 1018                   ;  1     F    -> 2
 1019                   ;  0     B    -> 1
 1020                   ;  1     B    -> 3
Z80ASM SuperFast Relocating Macro Assembler     	    Z80ASM 1.32 Page  15
NBIOS10 Z80

 1021                   
 1022                   ; muss fuer Minidisk C und D erweitert werden
 1023                   
 1024                   ; calculates physical sector from logical sector, IOS -> E
 1025                   ; logical sector 0..39 -> physical sector 1..5
 1026                   
 1027                   ; calculates logical track from physical track, IOT -> D
 1028                   ; 0..159 -> 0..79 (max 127)
 1029                   
 1030 E500              MINCAL:
 1031                   
 1032         0000      	IF NOT DG01	; ----------
 1071                   	ELSE	; ----------
 1072                   
 1073                   	; logical sector (128 byte) to physical sector
 1074                   	
 1075         0000      	IF FALSE
 1087                   	ELSE
 1088                   	
 1089 E500  3A E79D     	LD A,(IOS)	; 0..39 IST DER BEREICH (logic sector)
 1090                   	; hier den Maximalwert pruefen
 1091                   
 1092 E503  1E 03       	LD E,SECPOW
 1093 E505  B3          	OR E
 1094 E506  CA E511     	JP Z,MINIC3
 1095                   
 1096 E509  C5          	PUSH BC
 1097 E50A  43          	LD B,E
 1098                   	
 1099 E50B  0F          MINIC2:	RRCA
 1100 E50C  10 FD       	DJNZ MINIC2
 1101                   
 1102 E50E  C1          	POP BC
 1103                   
 1104 E50F  E6 07       	AND 00000111b	; important because of rotate command
 1105                   
 1106 E511  3C          MINIC3:	INC A		; sector number starts with 1
 1107 E512  5F          	LD E,A		; save in E
 1108                   
 1109                   	ENDIF
 1110                   
 1111                   	; drive A,B,C -> 001,010,100
 1112 E513  E5          	PUSH HL
 1113 E514  3A E799     	LD A,(DBANK)
 1114 E517  21 E530     	LD HL,CALCTB
 1115 E51A  CD E535     	CALL LOOKUP
 1116 E51D  E1          	POP HL
 1117                   
 1118 E51E  4F          	LD C,A		; physical drive
 1119                   
 1120 E51F  3A E79C     	LD A,(IOT)
 1121 E522  0F          	RRCA		; Track / 2,  = Phys Track, carry=backside
 1122                   	;AND 7FH	; Bereich Track 0..79 real
 1123 E523  57          	LD D,A		; Track merken
 1124 E524  D2 E52B     	JP NC,MINC4	; -> side 0
 1125                   
 1126                   	; side
 1127 E527  79          	LD A,C
Z80ASM SuperFast Relocating Macro Assembler     	    Z80ASM 1.32 Page  16
NBIOS10 Z80

 1128 E528  F6 80       	OR 10000000B	; side 1 flag
 1129 E52A  4F          	LD C,A
 1130                   	
 1131 E52B  7A          MINC4:	LD A,D
 1132 E52C  E6 7F       	AND 7FH		; limit to 0..127 tracks
 1133 E52E  57          	LD D,A 
 1134                   
 1135                   	; D=track=D, E=sector, C=drive-code + side
 1136 E52F  C9          	RET
 1137                   
 1138 E530              CALCTB:	; bit0..3=drive, bit4=density(0=DD), bit5=Mini/Maxi(1=Mini)
 1139                   	; bit7=side
 1140 E530  21          	DB	00100001B	; drive A -> drive0, dd, mini
 1141 E531  22          	DB	00100010B	; drive B -> drive1, dd, mini
 1142 E532  24          	DB	00100100B	; drive C -> drive2, dd, mini
 1143 E533  18          	DB	00011000B	; drive D -> drive3, sd, maxi
 1144 E534  18          	DB	00011000B	; drive E -> drive3, sd, maxi
 1145                   
 1146                   	ENDIF	; ----------
 1147                   
 1148                   ;-----------------------------------------------------------------------------
 1149                   ; Lookup table, table in HL, offset in A
 1150                   
 1151         FFFF      	IF DG01
 1152                   
 1153 E535  D5          LOOKUP:	PUSH DE
 1154 E536  5F          	LD E,A
 1155 E537  16 00       	LD D,0
 1156 E539  19          	ADD HL,DE
 1157 E53A  7E          	LD A,(HL)
 1158 E53B  D1          	POP DE
 1159 E53C  C9          	RET
 1160                   	
 1161                   	ENDIF
 1162                   	
 1163                   ;-----------------------------------------------------------------------------
 1164                   ; Read Mini disk
 1165                   ; DBANK, IOT, IOS,
 1166                   
 1167 E53D  CD E500     MINIRD:	CALL MINCAL	; calc physical drive and sector data for compare
 1168                   
 1169 E540  3A E793     	LD A,(CURDRV)
 1170 E543  B9          	CP C		; compare drive + side
 1171 E544  C2 E55D     	JP NZ,MINIR2	; -> drive not equal, load sector
 1172                   	
 1173 E547  3A E796     	LD A,(CURTRK)
 1174 E54A  BA          	CP D		; compare track
 1175 E54B  C2 E55D     	JP NZ,MINIR2	; -> track not equal, load sector
 1176                   	
 1177 E54E  3A E797     	LD A,(CURSEC)
 1178 E551  BB          	CP E		; compare sector
 1179 E552  C2 E55D     	JP NZ,MINIR2	; -> sector not equal, load sector
 1180                   
 1181 E555              MINIR1:	; actual physical sector is now in buffer PHSBUF
 1182                   
 1183         0000      	IF NOT DG01
 1200                   	ELSE
 1201                   
Z80ASM SuperFast Relocating Macro Assembler     	    Z80ASM 1.32 Page  17
NBIOS10 Z80

 1202 E555  CD E5E1     	CALL CALCPHS	; (PHSBUF+offset) -> DE, (IOD) -> HL, BC = 128
 1203 E558  EB          	EX DE,HL
 1204 E559  ED B0       	LDIR		; (DE++) <- (HL++), BC--
 1205                   			; (IOD) <- (PHSBUF+offset), 128 Byte
 1206                   	
 1207                   	ENDIF
 1208                   			
 1209 E55B  AF          	XOR A
 1210 E55C  C9          	RET		; -> finished without error
 1211                   
 1212 E55D              MINIR2:	; neuen Sektor laden, ggf. alten zurueckschreiben
 1213 E55D  3A E792     	LD A,(BUFCHG)
 1214 E560  B7          	OR A
 1215 E561  CA E56A     	JP Z,MINIR3
 1216                   
 1217 E564  CD E618     	CALL PUTPHS	; ALTEN ZURUECKSCHREIBEN
 1218 E567  DA E5DD     	JP C,ERRIO
 1219                   	
 1220 E56A  CD E500     MINIR3:	CALL MINCAL	; BERECHNEN
 1221                   
 1222 E56D  79          	LD A,C
 1223 E56E  32 E793     	LD (CURDRV),A
 1224 E571  7B          	LD A,E
 1225 E572  32 E797     	LD (CURSEC),A
 1226 E575  7A          	LD A,D
 1227 E576  32 E796     	LD (CURTRK),A
 1228 E579  CD E5F9     	CALL GETPHS	; neuen Sektor lesen
 1229 E57C  DA E5DD     	JP C,ERRIO	; Fehler aufgetreten
 1230                   	
 1231 E57F  C3 E555     	JP MINIR1
 1232                   
 1233                   ;-----------------------------------------------------------------------------
 1234                   ; Write Mini disk
 1235                   ; BDOS-Flag in C
 1236                   
 1237 E582  79          MINIWR:	LD A,C
 1238 E583  32 E798     	LD (ISDIR),A	; flag for Directory Write (1=write)
 1239                   
 1240 E586  CD E500     	CALL MINCAL	; calc physical sector and drive data for compare
 1241                   	
 1242 E589  3A E793     	LD A,(CURDRV)	; und wie bei MINIRD
 1243 E58C  B9          	CP C		;
 1244 E58D  C2 E5B8     	JP NZ,MINIW3	; other drive -> load sector
 1245                   	
 1246 E590  3A E796     	LD A,(CURTRK)
 1247 E593  BA          	CP D
 1248 E594  C2 E5B8     	JP NZ,MINIW3	; other track -> load sector
 1249                   	
 1250 E597  3A E797     	LD A,(CURSEC)
 1251 E59A  BB          	CP E
 1252 E59B  C2 E5B8     	JP NZ,MINIW3	; other sector -> load sector
 1253                   	
 1254 E59E              MINIW1:	; actual physical sector is now in PHSBUF
 1255                   
 1256         0000      	IF NOT DG01
 1272                   	ELSE
 1273                   
 1274 E59E  CD E5E1     	CALL CALCPHS	; (PHSBUF+offset) -> DE, (IOD) -> HL, BC = 128
Z80ASM SuperFast Relocating Macro Assembler     	    Z80ASM 1.32 Page  18
NBIOS10 Z80

 1275 E5A1  ED B0       	LDIR		; (DE++) <- (HL++), BC--
 1276                   			; (PHSBUF+Offset) <- (IOD), 128 Byte
 1277                   
 1278                   	ENDIF
 1279                   				
 1280 E5A3  3E 01       	LD A,1
 1281 E5A5  32 E792     	LD (BUFCHG),A	; set buffer changed flag
 1282                   	
 1283 E5A8  3A E798     	LD A,(ISDIR)
 1284 E5AB  FE 01         	CP 1
 1285 E5AD  C2 E5B6     	JP NZ,MINIW2	; -> no directory sector
 1286                   
 1287                   	; directory sector: do not cache
 1288 E5B0  CD E618     	CALL PUTPHS 
 1289 E5B3  DA E5DD     	JP C,ERRIO	; if error then bad sector
 1290                   
 1291 E5B6              MINIW2:	; -> finished without error
 1292 E5B6  AF          	XOR A
 1293 E5B7  C9          	RET
 1294                   
 1295 E5B8              MINIW3:	; load new sector, write current if changed
 1296 E5B8  3A E792     	LD A,(BUFCHG)
 1297 E5BB  B7          	OR A
 1298 E5BC  CA E5C5     	JP Z,MINIW4
 1299                   	
 1300 E5BF  CD E618     	CALL PUTPHS	; write current sector to disk
 1301 E5C2  DA E5DD     	JP C,ERRIO
 1302                   	
 1303 E5C5  CD E500     MINIW4:	CALL MINCAL	; calc physical drive and sector data
 1304 E5C8  79          	LD A,C
 1305 E5C9  32 E793     	LD (CURDRV),A
 1306 E5CC  7B          	LD A,E
 1307 E5CD  32 E797     	LD (CURSEC),A
 1308 E5D0  7A          	LD A,D
 1309 E5D1  32 E796     	LD (CURTRK),A
 1310 E5D4  CD E5F9     	CALL GETPHS
 1311 E5D7  DA E5DD     	JP C,ERRIO
 1312                   
 1313                   	; no error
 1314 E5DA  C3 E59E     	JP MINIW1
 1315                   
 1316                   ;-----------------------------------------------------------------------------
 1317                   
 1318 E5DD  3E 01       ERRIO:	LD A,1	; Fehler aufgetreten
 1319 E5DF  B7          	OR A
 1320 E5E0  C9          	RET
 1321                   
 1322                   ;-----------------------------------------------------------------------------
 1323                   ; Calculates the pointer into PHSBUF based on sector number in IOS
 1324                   ; (PHSBUF + offset) -> DE
 1325                   ; (IOD) -> HL
 1326                   ; 128 -> BC (logical sector length)
 1327                   
 1328         FFFF      	IF DG01
 1329                   
 1330         0003      SECPOW		EQU 3		; (1024 / 128) ^ 3 = 8
 1331                   ;SECPOW		EQU 2		; (1024 / 128) ^ 2 = 4
 1332                   ;SECPOW		EQU 1		; (1024 / 128) ^ 1 = 2
Z80ASM SuperFast Relocating Macro Assembler     	    Z80ASM 1.32 Page  19
NBIOS10 Z80

 1333                   ;SECPOW		EQU 0		; (1024 / 128) ^ 0 = 1
 1334                   
 1335                   ; mask for modulo (n = IOS mod mask)
 1336         0007      SECMASK		EQU 00000111B	; phys. sector = 1024, modulo 0..7
 1337                   ;SECMASK	EQU 00000011B	; phys. sector = 512, modulo 0..3
 1338                   ;SECMASK	EQU 00000001B	; phys. sector = 256, modulo 0..1
 1339                   ;SECMASK	EQU 00000000B	; phys. sector = 128, modulo 0
 1340                   
 1341 E5E1              CALCPHS:
 1342 E5E1  3A E79D     	LD A,(IOS)	; logical sector number
 1343 E5E4  E6 07       	AND SECMASK
 1344 E5E6  57          	LD D,A		; load to high-byte (mul 256)
 1345 E5E7  1E 00       	LD E,0
 1346 E5E9  CB 2A       	SRA D		; div/2 by shift right
 1347 E5EB  CB 1B       	RR E
 1348                   	; now we have (IOS mod SECSIZE) * 128 in DE
 1349 E5ED  21 FC00     	LD HL,PHSBUF
 1350 E5F0  19          	ADD HL,DE	; pointer into PHSBUF in DE
 1351 E5F1  EB          	EX DE,HL
 1352 E5F2  2A E79E     	LD HL,(IOD)
 1353 E5F5  01 0080     	LD BC,128
 1354 E5F8  C9          	RET
 1355                   
 1356                   	;LD HL,PHSBUF
 1357                   	;LD A,(IOS)	; PHSBUF + ((0..39) MOD 8) * 128
 1358                   	;AND 00000111b	; 0..7 (mod 8)
 1359                   	;LD D,A		; * 256 (low byte is written into the high byte)
 1360                   	;LD E,0
 1361                   	;SRA D		; div/2 by shift right
 1362                   	;RR E
 1363                   	;ADD HL,DE	; HL = source (PHSBUF+offset)
 1364                   	;EX DE,HL	; DE = source
 1365                   	;LD HL,(IOD)	; HL = dest (IOD)
 1366                   	;EX DE,HL	; DE = dest, HL = source
 1367                   	;LD BC,128	; logical sector length
 1368                   	;LDIR		; (DE++) <- (HL++), BC--
 1369                   			; (IOD) <- (PHSBUF+offset), 128 Byte
 1370                   	;XOR A
 1371                   	;RET		; -> finished without error
 1372                   
 1373                   	ENDIF
 1374                   
 1375                   ;-----------------------------------------------------------------------------
 1376                   ; Read physical sector to PHSBUF
 1377                   ; Mini disk only
 1378                   ; TRKAKT,SEKAKT,DRVAKT ENTHALTEN NEUE BUFFERADRESSE
 1379                   
 1380 E5F9              GETPHS:	; reset buffer changed flag
 1381 E5F9  AF          	XOR A		
 1382 E5FA  32 E792     	LD (BUFCHG),A
 1383                   
 1384         0000      	IF NOT DG01
 1398                   	ELSE
 1399                   
 1400 E5FD  21 FC00     	LD HL,PHSBUF	; buffer address for data
 1401 E600  3A E797     	LD A,(CURSEC)
 1402 E603  5F          	LD E,A
 1403 E604  3A E793     	LD A,(CURDRV)	; bit0..3 and side in bit7
Z80ASM SuperFast Relocating Macro Assembler     	    Z80ASM 1.32 Page  20
NBIOS10 Z80

 1404 E607  4F          	LD C,A
 1405 E608  06 01       	LD B,1		; 1 = read
 1406 E60A  3A E796     	LD A,(CURTRK)
 1407 E60D  57          	LD D,A
 1408 E60E  CD E6C4     	CALL FEXEC	; -> new floppy routine
 1409 E611  DA E616     	JP C,BLKERR
 1410                   	
 1411                   	ENDIF
 1412                   
 1413                   	; no error
 1414 E614  AF          	XOR A
 1415 E615  C9          	RET
 1416                   
 1417                   ;-----------------------------------------------------------------------------
 1418                   
 1419 E616  37          BLKERR:	SCF
 1420 E617  C9          	RET
 1421                   
 1422                   ;-----------------------------------------------------------------------------
 1423                   ; Write PHSBUF to physical sector
 1424                   ; Mini disk only
 1425                   
 1426 E618              PUTPHS:	; reset buffer changed flag
 1427 E618  AF          	XOR A
 1428 E619  32 E792     	LD (BUFCHG),A
 1429                   	
 1430         0000      	IF NOT DG01
 1444                   	ELSE
 1445                   
 1446 E61C  21 FC00     	LD HL,PHSBUF	; buffer address
 1447 E61F  3A E797     	LD A,(CURSEC)
 1448 E622  5F          	LD E,A
 1449 E623  3A E793     	LD A,(CURDRV)	; bit0..3 and side in bit7
 1450 E626  4F          	LD C,A
 1451 E627  06 02       	LD B,2		; 2 = write
 1452 E629  3A E796     	LD A,(CURTRK)
 1453 E62C  57          	LD D,A
 1454 E62D  CD E6C4     	CALL FEXEC	; -> new floppy routine
 1455 E630  DA E616     	JP C,BLKERR
 1456                   	
 1457                   	ENDIF
 1458                   	
 1459                   	; no error
 1460 E633  AF          	XOR A
 1461 E634  C9          	RET
 1462                   
 1463                   ;-----------------------------------------------------------------------------
 1464                   
 1465         FFFF      	IF DG01
 1466                   
 1467                   ; Addresses of IDE-80 CF-Adapter card
 1468                   
 1469         0018      IDEDATA	EQU 018h	; IDE Data Register
 1470         001A      SECCND	EQU 01Ah	; Sector Count Register
 1471         001B      LBA7	EQU 01Bh	; LBA Bits 0-7
 1472         001C      LBA15	EQU 01Ch	; LBA Bits 8-15
 1473         001D      LBA23	EQU 01Dh	; LBA Bits 16-23
 1474         001E      IDEHEAD	EQU 01Eh	; IDE Drive Head Register
Z80ASM SuperFast Relocating Macro Assembler     	    Z80ASM 1.32 Page  21
NBIOS10 Z80

 1475         001F      IDESTAT	EQU 01Fh	; IDE Command/Status Register
 1476                   
 1477                   ;-----------------------------------------------------------------------------
 1478                   
 1479                   ; Read one sector from disk.
 1480                   ; Return a 00h in A if the operation completes properly, and 01h if an error occurs during the read.
 1481                   ; Disk number in 'diskno' (4..7)
 1482                   ; Track number in 'track' (0..255)
 1483                   ; Sector number in 'sector' (0..63)
 1484                   ; DMA address in 'dmaad' (0-65535)
 1485                   ; 
 1486                   ; LBA
 1487                   ; 00000000 00000000 00000000
 1488                   ; 00000000 tttttttt ssssssdd
 1489                   ;        E        B        C
 1490                   
 1491         FC00      HSTBUF	EQU PHSBUF	; buffer for phyiscal sector
 1492         E799      DISKNO	EQU DBANK
 1493         E79C      TRACK	EQU IOT
 1494         E79D      SECTOR	EQU IOS
 1495         E79E      DMAAD	EQU IOD
 1496                   
 1497         F02A      MIDERD	EQU 0F02Ah
 1498         F02D      MIDEWR	EQU 0F02Dh
 1499                   
 1500 E635  21 FC00     IDERD:	LD HL,HSTBUF
 1501                   
 1502                   	; LBA0..7 -> C
 1503 E638  3A E79D     	LD A,(SECTOR)
 1504 E63B  CB 27       	SLA A		; make room for 4 disks (0 to 3, 2 bits)
 1505 E63D  CB 27       	SLA A
 1506 E63F  47          	LD B,A
 1507 E640  3A E799     	LD A,(DISKNO)
 1508 E643  D6 04       	SUB A,4
 1509 E645  B0          	OR B
 1510 E646  4F          	LD C,A		; C = sector * 4 + (diskno - 4)
 1511                   	
 1512                   	; LBA8..15 -> B
 1513 E647  3A E79C     	LD A,(TRACK)
 1514 E64A  47          	LD B,A
 1515                   	
 1516                   	; LBA16..23) -> E
 1517 E64B  1E 00       	LD E,0
 1518                   
 1519                   	;LD A,'R'
 1520                   	;CALL DEBIDE	; debug output
 1521 E64D  CD F02A     	CALL MIDERD
 1522                   	
 1523         0000      	IF FALSE
 1573                   	ENDIF		; FALSE
 1574                   
 1575 E650  E6 01       	AND 01H
 1576 E652  C0          	RET NZ		; -> exit with error
 1577                   			
 1578 E653  2A E79E     	LD HL,(DMAAD)	; memory location to place data read from disk
 1579 E656  11 FC00     	LD DE,HSTBUF	; host buffer
 1580                   
 1581 E659  06 80       	LD B,128	; size of CP/M sector
Z80ASM SuperFast Relocating Macro Assembler     	    Z80ASM 1.32 Page  22
NBIOS10 Z80

 1582 E65B  1A          IDERD6:	LD A,(DE)	; get byte from host buffer
 1583 E65C  77          	LD (HL),A	; put in memory
 1584 E65D  23          	INC HL
 1585 E65E  13          	INC DE
 1586 E65F  10 FA       	DJNZ IDERD6	; put 128 bytes into memory
 1587                   
 1588                   	;POP AF
 1589                   	;IN A,(IDESTAT)	; get status
 1590                   	;AND 01H		; error bit
 1591                   
 1592                   	; no error
 1593 E661  AF          	XOR A
 1594 E662  C9          	RET
 1595                   
 1596                   ;-----------------------------------------------------------------------------
 1597                   
 1598                   ; Write one sector to disk.
 1599                   ; Return a 00h in register A if the operation completes properly, and 0lh if an error occurs during the read or write
 1600                   ; Disk number in 'diskno'
 1601                   ; Track number in 'track'
 1602                   ; Sector number in 'sector'
 1603                   ; DMA address in 'dmaad' (0-65535)
 1604                   
 1605 E663  2A E79E     IDEWR:	LD HL,(DMAAD)	; memory location of data to write
 1606 E666  11 FC00     	LD DE,HSTBUF	; host buffer
 1607 E669  06 80       	LD B,128	; size of CP/M sector
 1608                   
 1609 E66B  7E          IDEWR1:	LD A,(HL)	; get byte from memory
 1610 E66C  12          	LD (DE),A	; put in host buffer
 1611 E66D  23          	INC HL
 1612 E66E  13          	INC DE
 1613 E66F  10 FA       	DJNZ IDEWR1	; put 128 bytes in host buffer
 1614                   
 1615 E671  21 FC00     	LD HL,HSTBUF
 1616                   
 1617                   	; LBA0..7 -> C
 1618 E674  3A E79D     	LD A,(SECTOR)
 1619 E677  CB 27       	SLA A		; make room for 4 disks (0 to 3, 2 bits)
 1620 E679  CB 27       	SLA A
 1621 E67B  47          	LD B,A
 1622 E67C  3A E799     	LD A,(DISKNO)
 1623 E67F  D6 04       	SUB A,4
 1624 E681  B0          	OR B
 1625 E682  4F          	LD C,A		; C = sector * 4 + (diskno - 4)
 1626                   	
 1627                   	; LBA8..15 -> B
 1628 E683  3A E79C     	LD A,(TRACK)
 1629 E686  47          	LD B,A
 1630                   	
 1631                   	; LBA16..23) -> E
 1632 E687  1E 00       	LD E,0
 1633                   
 1634                   	;LD A,'W'
 1635                   	;CALL DEBIDE	; debug output
 1636 E689  CD F02D     	CALL MIDEWR
 1637                   
 1638                   	; status in A
 1639 E68C  E6 01       	AND 01h		; notwendig ?
Z80ASM SuperFast Relocating Macro Assembler     	    Z80ASM 1.32 Page  23
NBIOS10 Z80

 1640 E68E  C9          	RET
 1641                   
 1642                   
 1643         0000      	IF FALSE
 1691                   	ENDIF		; FALSE
 1692                   
 1693                   	ENDIF		; DG01
 1694                   
 1695                   ;------------------------------------------------------------------------------
 1696                   ; Patch BDOS drive initialisation
 1697                   
 1698         FFFF      	IF DG01
 1699                   
 1700         E08E      PADAADR	EQU BDOS + 0C88H
 1701                   ;BDPADR	EQU	0E043h
 1702 E68F  0000        BDACT	DW 0			; BDOS active drive address
 1703                   
 1704 E691  DD 21 E08E  PATA:	LD IX,PADAADR
 1705 E695  DD 7E 00    	LD A,(IX)
 1706 E698  FE AF       	CP 0AFh			; Z80 XOR A
 1707 E69A  C2 E6C3     	JP NZ,PATA1		; -> patch data does not match, do not patch
 1708                   	
 1709 E69D  DD 7E 01    	LD A,(IX+1)
 1710 E6A0  FE 32       	CP 032h			; Z80 LD (abs),A
 1711 E6A2  C2 E6C3     	JP NZ,PATA1		; -> patch data does not match, do not patch
 1712                   
 1713 E6A5  DD 7E 02    	LD A,(IX+2)
 1714 E6A8  6F          	LD L,A
 1715 E6A9  DD 7E 03    	LD A,(IX+3)
 1716 E6AC  67          	LD H,A
 1717 E6AD  22 E68F     	LD (BDACT),HL
 1718                   
 1719 E6B0  DD 36 01 CD 	LD (IX+1),0CDh		; Z80 CALL
 1720 E6B4  DD 36 02 BC 	LD (IX+2),LOW PATACL
 1721 E6B8  DD 36 03 E6 	LD (IX+3),HIGH PATACL
 1722                   
 1723                   	;LD C,'+'
 1724                   	;CALL MCONOUT
 1725                   
 1726                   	;---------------------------------------------------------------------
 1727                   	; BDOS patch: init BDOS active drive
 1728                   
 1729 E6BC  2A E68F     PATACL:	LD HL,(BDACT)
 1730 E6BF  3E 00       	LD A,BTDRV
 1731 E6C1  77          	LD (HL),A
 1732                   
 1733                   	;PUSH BC
 1734                   	;LD C,'!'
 1735                   	;CALL MCONOUT
 1736                   	;LD A,(ACTIVE)
 1737                   	;ADD '0'
 1738                   	;LD C,A
 1739                   	;CALL MCONOUT
 1740                   	;POP BC
 1741 E6C2  C9          	RET
 1742                   
 1743 E6C3              PATA1:	;LD C,'-'
 1744                   	;CALL MCONOUT
Z80ASM SuperFast Relocating Macro Assembler     	    Z80ASM 1.32 Page  24
NBIOS10 Z80

 1745 E6C3  C9          	RET
 1746                   
 1747                   ;-----------------------------------------------------------------------------
 1748                   
 1749         0000      	IF FALSE
 1784                   	ENDIF		; FALSE
 1785                   	
 1786                   	ENDIF		; DG01
 1787                   
 1788                   ;------------------------------------------------------------------------------
 1789                   
 1790 E6C4  C3 F021     FEXEC:	JP 0F021h	; new Mini/Maxi routine
 1791                   
 1792         0000      	IF NOT DG01
 1799                   	ENDIF
 1800                   
 1801                   ;=============================================================================
 1802                   ; Debuging routines
 1803                   
 1804         FFFF      	IF DG01
 1805                   
 1806                   ;-----------------------------------------------------------------------------
 1807                   ; Debug output (DBANK) (READ/WRITE)
 1808                   
 1809 E6C7  C5          DEBDRV:	PUSH BC
 1810                   
 1811 E6C8  E5          	PUSH HL
 1812                   
 1813 E6C9  0E 5B       	LD C,'['
 1814 E6CB  CD F009     	CALL MCONOUT
 1815 E6CE  0E 46       	LD C,'F'
 1816 E6D0  CD F009     	CALL MCONOUT
 1817 E6D3  3A E799     	LD A,(DBANK)
 1818 E6D6  6F          	LD L,A
 1819 E6D7  CD E763     	CALL DEBDEC
 1820 E6DA  26 00       	LD H,0
 1821                   	
 1822 E6DC  0E 2C       	LD C,','
 1823 E6DE  CD F009     	CALL MCONOUT
 1824 E6E1  E1          	POP HL
 1825 E6E2  CD E763     	CALL DEBDEC
 1826 E6E5  0E 5D       	LD C,']'
 1827 E6E7  CD F009     	CALL MCONOUT
 1828                   
 1829 E6EA  C1          	POP BC
 1830 E6EB  C9          	RET
 1831                   
 1832                   ;-----------------------------------------------------------------------------
 1833                   ; Debug SELDRV
 1834                   
 1835 E6EC  C5          DEBSEL:	PUSH BC
 1836                   
 1837 E6ED  E5          	PUSH HL
 1838                   
 1839 E6EE  0E 5B       	LD C,'['
 1840 E6F0  CD F009     	CALL MCONOUT
 1841 E6F3  0E 53       	LD C,'S'
 1842 E6F5  CD F009     	CALL MCONOUT
Z80ASM SuperFast Relocating Macro Assembler     	    Z80ASM 1.32 Page  25
NBIOS10 Z80

 1843 E6F8  3A E799     	LD A,(DBANK)
 1844 E6FB  6F          	LD L,A
 1845 E6FC  26 00       	LD H,0
 1846 E6FE  CD E763     	CALL DEBDEC
 1847                   	
 1848 E701  0E 2C       	LD C,','
 1849 E703  CD F009     	CALL MCONOUT
 1850 E706  E1          	POP HL
 1851 E707  CD E763     	CALL DEBDEC
 1852 E70A  0E 5D       	LD C,']'
 1853 E70C  CD F009     	CALL MCONOUT
 1854                   
 1855 E70F  C1          	POP BC
 1856 E710  C9          	RET
 1857                   
 1858                   ;-----------------------------------------------------------------------------
 1859                   ; Display drive, track, sector C,B,E
 1860                   
 1861 E711  C5          DEBIDE:	PUSH BC
 1862 E712  D5          	PUSH DE
 1863 E713  E5          	PUSH HL
 1864                   
 1865 E714  C5          	PUSH BC
 1866 E715  F5          	PUSH AF
 1867 E716  0E 5B       	LD C,'['
 1868 E718  CD F009     	CALL MCONOUT
 1869 E71B  F1          	POP AF
 1870 E71C  4F          	LD C,A
 1871 E71D  CD F009     	CALL MCONOUT
 1872 E720  0E 20       	LD C,' '
 1873 E722  CD F009     	CALL MCONOUT
 1874 E725  0E 44       	LD C,'D'
 1875 E727  CD F009     	CALL MCONOUT
 1876 E72A  C1          	POP BC
 1877 E72B  C5          	PUSH BC		; drive in C
 1878 E72C  79          	LD A,C
 1879 E72D  E6 03       	AND 03H
 1880 E72F  6F          	LD L,A
 1881 E730  26 00       	LD H,0
 1882 E732  CD E763     	CALL DEBDEC
 1883                   
 1884 E735  0E 2C       	LD C,','
 1885 E737  CD F009     	CALL MCONOUT
 1886 E73A  0E 53       	LD C,'S'
 1887 E73C  CD F009     	CALL MCONOUT
 1888 E73F  C1          	POP BC		; sector in C
 1889 E740  CB 39       	SRL C
 1890 E742  CB 39       	SRL C
 1891 E744  69          	LD L,C
 1892 E745  26 00       	LD H,0
 1893 E747  CD E763     	CALL DEBDEC
 1894                   	
 1895 E74A  0E 2C       	LD C,','
 1896 E74C  CD F009     	CALL MCONOUT
 1897 E74F  0E 54       	LD C,'T'
 1898 E751  CD F009     	CALL MCONOUT
 1899 E754  68          	LD L,B
 1900 E755  26 00       	LD H,0
Z80ASM SuperFast Relocating Macro Assembler     	    Z80ASM 1.32 Page  26
NBIOS10 Z80

 1901 E757  CD E763     	CALL DEBDEC
 1902                   
 1903                   	;LD C,','
 1904                   	;CALL MCONOUT
 1905                   	;LD C,'S'
 1906                   	;CALL MCONOUT
 1907                   	;LD L,E
 1908                   	;LD H,0
 1909                   	;CALL DEBDEC
 1910                   
 1911 E75A  0E 5D       	LD C,']'
 1912 E75C  CD F009     	CALL MCONOUT
 1913                   
 1914 E75F  E1          	POP HL
 1915 E760  D1          	POP DE
 1916 E761  C1          	POP BC
 1917 E762  C9          	RET
 1918                   
 1919                   ;-----------------------------------------------------------------------------
 1920                   ; Display value in HL as Decimal
 1921                   ; value in HL
 1922                   
 1923 E763  F5          DEBDEC:	PUSH AF
 1924 E764  C5          	PUSH BC
 1925                   
 1926 E765  01 D8F0     	LD BC,-10000	; 1. Zehnerpotenz: Zehntausender
 1927 E768  CD E785     	CALL DEBDE1
 1928 E76B  01 FC18     	LD BC,-1000	; 2. Zehnerpotenz: Tausender
 1929 E76E  CD E785     	CALL DEBDE1
 1930 E771  01 FF9C     	LD BC,-100	; 3. Zehnerpotenz: Hunderter
 1931 E774  CD E785     	CALL DEBDE1
 1932 E777  01 FFF6     	LD BC,-10	; 4. Zehnerpotenz: Zehner
 1933 E77A  CD E785     	CALL DEBDE1
 1934 E77D  0E FF       	LD C,-1		; 5. Zehnerpotenz: Einer (immer ausgeben)
 1935 E77F  CD E785     	CALL DEBDE1
 1936                   	
 1937 E782  C1          	POP BC
 1938 E783  F1          	POP AF
 1939 E784  C9          	RET
 1940                   
 1941                   
 1942 E785  3E 2F       DEBDE1:	LD A,'0' - 1	; Startwert fuer ASCII-Zeichen ('0' minus 1)
 1943                   
 1944 E787  3C          DEBDE2:	INC A		; Zeichen um 1 erhoehen (ASCII-Code weiterzaehlen)
 1945 E788  09          	ADD HL,BC	; Zehnerpotenz abziehen
 1946 E789  38 FC       	JR C,DEBDE2	; Wenn kein Uebertrag (Zahl war groesser), weiter abziehen
 1947                   
 1948 E78B  ED 42       	SBC HL,BC	; Uebertrag korrigieren (zu viel abgezogen, also wieder drauf)
 1949                       
 1950                   	; Das Zeichen (ASCII-Code) befindet sich jetzt im Akkumulator (A).
 1951                   	;PUSH BC	; Register sichern
 1952                   	;PUSH HL
 1953 E78D  4F          	LD C,A		; character to print
 1954 E78E  CD F009     	CALL MCONOUT	; uses A
 1955                   	;POP HL
 1956                   	;POP BC
 1957 E791  C9          	RET
 1958                   
Z80ASM SuperFast Relocating Macro Assembler     	    Z80ASM 1.32 Page  27
NBIOS10 Z80

 1959                   ;-----------------------------------------------------------------------------
 1960                   
 1961                   	ENDIF	; DG01
 1962                   
 1963                   ;=============================================================================
 1964                   
 1965                   ; data area
 1966                   
 1967 E792  00          BUFCHG:	DB 0		; flag if PHSBUF is changed
 1968         0000      	IF NOT DG01
 1970                   	ELSE
 1971 E793  FF          CURDRV:	DB 0FFH		; DRIVE das geladen ist
 1972 E794  0000        CURDPB:	DW 0		; current disk parameter block
 1973                   	ENDIF
 1974 E796  00          CURTRK:	DB 0		; TRACK 
 1975 E797  00          CURSEC:	DB 0		; SEKTOR
 1976 E798  00          ISDIR:	DB 0		; 1 = is directory write
 1977                   
 1978 E799  00          DBANK:	DB 0		; disk bank (selected disk)
 1979                   
 1980         0000      	IF NOT DG01
 1983                   	ELSE
 1984 E79A  0001        IOPB:	DW 1		; address of DPB of selected disk
 1985                   	ENDIF
 1986 E79C  04          IOT:	DB OFFSAB	; track number (start value is first usable track)
 1987 E79D  01          IOS:	DB 1		; NUMMER DES GEWUENSCHTEN SEKTORS
 1988 E79E  0080        IOD:	DW BUFF		; DMA-ADRESSE
 1989         0000      	IF NOT DG01
 1993                   	ENDIF
 1994                   
 1995                   	;ENDEF		; end macro
 1996                   
 1997                   	; floppy data area (from diskdef.lib)
 1998                   
 1999         E7A0      BEGDAT	EQU	$
 2000 E7A0    0080      DIRBUF:	DS	128	;DIRECTORY ACCESS BUFFER
 2001 E820    0031      ALV0:	DS	49
 2002 E851    0040      CSV0:	DS	64
 2003 E891    0031      ALV1:	DS	49
 2004 E8C2    0040      CSV1:	DS	64
 2005 E902    001F      ALV2:	DS	31
 2006 E921    0010      CSV2:	DS	16
 2007 E931    001F      ALV3:	DS	31
 2008 E950    0010      CSV3:	DS	16
 2009                   
 2010         0000      	IF NOT MINI3
 2015                   	ELSE
 2016                   	
 2017 E960    0080      ALV4:	DS	128	; size of each must be (DSM/8)+1
 2018 E9E0    0001      CSV4:	DS	1	; Could probably remove these chk areas, but just made size small
 2019 E9E1    0080      ALV5:	DS	128
 2020 EA61    0001      CSV5:	DS	1
 2021 EA62    0080      ALV6:	DS	128
 2022 EAE2    0001      CSV6:	DS	1
 2023 EAE3    0080      ALV7:	DS	128
 2024 EB63    0001      CSV7:	DS	1
 2025                   
 2026                   	ENDIF
Z80ASM SuperFast Relocating Macro Assembler     	    Z80ASM 1.32 Page  28
NBIOS10 Z80

 2027                   	
 2028         EB64      ENDDAT	EQU	$
 2029         03C4      DATSIZ	EQU	$-BEGDAT
 2030                   
 2031 EB64              ENDBIOS:
 2032                   
 2033                   	END
 0 Error(s) Detected.
 2404 Absolute Bytes. 168 Symbols Detected.
01F      ALV3:	DS	31
 2008 E950    0010      CSV3:	DS	16
 2009        